<?xml version="1.0" encoding="UTF-8"?>
<testng-results ignored="0" total="4" passed="3" failed="1" skipped="0">
  <reporter-output>
  </reporter-output>
  <suite started-at="2022-11-17T19:50:53 IST" name="Default suite" finished-at="2022-11-17T20:00:09 IST" duration-ms="556139">
    <groups>
    </groups>
    <test started-at="2022-11-17T19:50:53 IST" name="Default test" finished-at="2022-11-17T20:00:09 IST" duration-ms="556139">
      <class name="TestClass.VerifyQATest">
        <test-method is-config="true" signature="report()[pri:0, instance:TestClass.VerifyQATest@403132fc]" started-at="2022-11-17T19:50:53 IST" name="report" finished-at="2022-11-17T19:50:54 IST" duration-ms="1229" status="PASS">
          <reporter-output>
          </reporter-output>
        </test-method> <!-- report -->
        <test-method signature="OpenBrowser(java.lang.String)[pri:0, instance:TestClass.VerifyQATest@403132fc]" started-at="2022-11-17T19:50:54 IST" name="OpenBrowser" finished-at="2022-11-17T19:59:43 IST" duration-ms="528409" status="PASS">
          <params>
            <param index="0">
              <value>
                <![CDATA[chrome]]>
              </value>
            </param>
          </params>
          <reporter-output>
          </reporter-output>
        </test-method> <!-- OpenBrowser -->
        <test-method signature="TestData()[pri:0, instance:TestClass.VerifyQATest@403132fc]" started-at="2022-11-17T19:59:43 IST" name="TestData" finished-at="2022-11-17T19:59:44 IST" duration-ms="1141" status="PASS">
          <reporter-output>
          </reporter-output>
        </test-method> <!-- TestData -->
        <test-method signature="ScrollandSelectOrganization()[pri:0, instance:TestClass.VerifyQATest@403132fc]" started-at="2022-11-17T19:59:44 IST" name="ScrollandSelectOrganization" finished-at="2022-11-17T19:59:57 IST" duration-ms="13339" status="FAIL">
          <exception class="junit.framework.AssertionFailedError">
            <message>
              <![CDATA[Failedno such element: Unable to locate element: {"method":"xpath","selector":"//*[text()='Contact Group']//parent::h2//following-sibling::div[@data-testid='activeIcon']"}
  (Session info: chrome=107.0.5304.107)
For documentation on this error, please visit: http://seleniumhq.org/exceptions/no_such_element.html
Build info: version: '3.5.3', revision: 'a88d25fe6b', time: '2017-08-29T12:42:44.417Z'
System info: host: 'MT-5CG1057HYC', ip: '192.168.225.145', os.name: 'Windows 10', os.arch: 'amd64', os.version: '10.0', java.version: '11.0.11'
Driver info: org.openqa.selenium.chrome.ChromeDriver
Capabilities [{networkConnectionEnabled=false, chrome={chromedriverVersion=107.0.5304.62 (1eec40d3a5764881c92085aaee66d25075c159aa-refs/branch-heads/5304@{#942}), userDataDir=C:\Users\M1066217\AppData\Local\Temp\scoped_dir15368_423968379}, timeouts={implicit=0, pageLoad=300000, script=30000}, pageLoadStrategy=none, unhandledPromptBehavior=dismiss and notify, strictFileInteractability=false, platform=XP, proxy=Proxy(), goog:chromeOptions={debuggerAddress=localhost:49323}, webauthn:extension:credBlob=true, acceptInsecureCerts=false, browserVersion=107.0.5304.107, browserName=chrome, javascriptEnabled=true, platformName=XP, setWindowRect=true, webauthn:extension:largeBlob=true, webauthn:virtualAuthenticators=true}]
Session ID: ec9c8442b38d7987e6f600b7df0e578f
*** Element info: {Using=xpath, value=//*[text()='Contact Group']//parent::h2//following-sibling::div[@data-testid='activeIcon']}]]>
            </message>
            <full-stacktrace>
              <![CDATA[junit.framework.AssertionFailedError: Failedno such element: Unable to locate element: {"method":"xpath","selector":"//*[text()='Contact Group']//parent::h2//following-sibling::div[@data-testid='activeIcon']"}
  (Session info: chrome=107.0.5304.107)
For documentation on this error, please visit: http://seleniumhq.org/exceptions/no_such_element.html
Build info: version: '3.5.3', revision: 'a88d25fe6b', time: '2017-08-29T12:42:44.417Z'
System info: host: 'MT-5CG1057HYC', ip: '192.168.225.145', os.name: 'Windows 10', os.arch: 'amd64', os.version: '10.0', java.version: '11.0.11'
Driver info: org.openqa.selenium.chrome.ChromeDriver
Capabilities [{networkConnectionEnabled=false, chrome={chromedriverVersion=107.0.5304.62 (1eec40d3a5764881c92085aaee66d25075c159aa-refs/branch-heads/5304@{#942}), userDataDir=C:\Users\M1066217\AppData\Local\Temp\scoped_dir15368_423968379}, timeouts={implicit=0, pageLoad=300000, script=30000}, pageLoadStrategy=none, unhandledPromptBehavior=dismiss and notify, strictFileInteractability=false, platform=XP, proxy=Proxy(), goog:chromeOptions={debuggerAddress=localhost:49323}, webauthn:extension:credBlob=true, acceptInsecureCerts=false, browserVersion=107.0.5304.107, browserName=chrome, javascriptEnabled=true, platformName=XP, setWindowRect=true, webauthn:extension:largeBlob=true, webauthn:virtualAuthenticators=true}]
Session ID: ec9c8442b38d7987e6f600b7df0e578f
*** Element info: {Using=xpath, value=//*[text()='Contact Group']//parent::h2//following-sibling::div[@data-testid='activeIcon']}
at junit.framework.Assert.fail(Assert.java:47)
at TestClass.VerifyQATest.ScrollandSelectOrganization(VerifyQATest.java:91)
at java.base/jdk.internal.reflect.NativeMethodAccessorImpl.invoke0(Native Method)
at java.base/jdk.internal.reflect.NativeMethodAccessorImpl.invoke(NativeMethodAccessorImpl.java:62)
at java.base/jdk.internal.reflect.DelegatingMethodAccessorImpl.invoke(DelegatingMethodAccessorImpl.java:43)
at java.base/java.lang.reflect.Method.invoke(Method.java:566)
at org.testng.internal.MethodInvocationHelper.invokeMethod(MethodInvocationHelper.java:133)
at org.testng.internal.TestInvoker.invokeMethod(TestInvoker.java:598)
at org.testng.internal.TestInvoker.invokeTestMethod(TestInvoker.java:173)
at org.testng.internal.MethodRunner.runInSequence(MethodRunner.java:46)
at org.testng.internal.TestInvoker$MethodInvocationAgent.invoke(TestInvoker.java:824)
at org.testng.internal.TestInvoker.invokeTestMethods(TestInvoker.java:146)
at org.testng.internal.TestMethodWorker.invokeTestMethods(TestMethodWorker.java:146)
at org.testng.internal.TestMethodWorker.run(TestMethodWorker.java:128)
at java.base/java.util.ArrayList.forEach(ArrayList.java:1541)
at org.testng.TestRunner.privateRun(TestRunner.java:794)
at org.testng.TestRunner.run(TestRunner.java:596)
at org.testng.SuiteRunner.runTest(SuiteRunner.java:377)
at org.testng.SuiteRunner.runSequentially(SuiteRunner.java:371)
at org.testng.SuiteRunner.privateRun(SuiteRunner.java:332)
at org.testng.SuiteRunner.run(SuiteRunner.java:276)
at org.testng.SuiteRunnerWorker.runSuite(SuiteRunnerWorker.java:53)
at org.testng.SuiteRunnerWorker.run(SuiteRunnerWorker.java:96)
at org.testng.TestNG.runSuitesSequentially(TestNG.java:1212)
at org.testng.TestNG.runSuitesLocally(TestNG.java:1134)
at org.testng.TestNG.runSuites(TestNG.java:1063)
at org.testng.TestNG.run(TestNG.java:1031)
at org.testng.remote.AbstractRemoteTestNG.run(AbstractRemoteTestNG.java:115)
at org.testng.remote.RemoteTestNG.initAndRun(RemoteTestNG.java:251)
at org.testng.remote.RemoteTestNG.main(RemoteTestNG.java:77)
]]>
            </full-stacktrace>
          </exception> <!-- junit.framework.AssertionFailedError -->
          <reporter-output>
          </reporter-output>
        </test-method> <!-- ScrollandSelectOrganization -->
        <test-method signature="aSearch()[pri:0, instance:TestClass.VerifyQATest@403132fc]" started-at="2022-11-17T19:59:57 IST" name="aSearch" finished-at="2022-11-17T20:00:07 IST" duration-ms="9514" status="PASS">
          <reporter-output>
          </reporter-output>
        </test-method> <!-- aSearch -->
        <test-method is-config="true" signature="Teardown()[pri:0, instance:TestClass.VerifyQATest@403132fc]" started-at="2022-11-17T20:00:07 IST" name="Teardown" finished-at="2022-11-17T20:00:09 IST" duration-ms="2421" status="PASS">
          <reporter-output>
          </reporter-output>
        </test-method> <!-- Teardown -->
      </class> <!-- TestClass.VerifyQATest -->
    </test> <!-- Default test -->
  </suite> <!-- Default suite -->
</testng-results>
