<?xml version="1.0" encoding="UTF-8"?>
<!-- Generated by org.testng.reporters.JUnitXMLReporter -->
<testsuite ignored="0" hostname="MT-5CG1057HYC" failures="0" tests="3" name="ChromeTest" time="1.358" errors="0" timestamp="2022-11-17T18:52:07 IST">
  <testcase classname="TestClass.VerifyQATest" name="@BeforeTest Search" time="0.034">
    <failure type="java.lang.NullPointerException">
      <![CDATA[java.lang.NullPointerException
at utils.CommonLibraries.takeScreenShotForFail(CommonLibraries.java:168)
at TestClass.VerifyQATest.Search(VerifyQATest.java:47)
... Removed 24 stack frames]]>
    </failure>
  </testcase> <!-- @BeforeTest Search -->
  <testcase classname="TestClass.VerifyQATest" name="@AfterTest Teardown" time="-1.66869132776E9">
    <skipped/>
  </testcase> <!-- @AfterTest Teardown -->
  <testcase classname="utils.BaseClass" name="OpenBrowser" time="0.0">
    <skipped/>
  </testcase> <!-- OpenBrowser -->
  <testcase classname="utils.BaseClass" name="TestData" time="0.0">
    <skipped/>
  </testcase> <!-- TestData -->
  <testcase classname="TestClass.VerifyQATest" name="ScrollandSelectOrganization" time="0.0">
    <skipped/>
  </testcase> <!-- ScrollandSelectOrganization -->
</testsuite> <!-- ChromeTest -->
