<?xml version="1.0" encoding="UTF-8"?>
<!-- Generated by org.testng.reporters.JUnitXMLReporter -->
<testsuite ignored="0" hostname="MT-5CG1057HYC" failures="1" tests="4" name="ChromeTest" time="82.623" errors="0" timestamp="2022-11-18T15:36:37 IST">
  <testcase classname="utils.BaseClass" name="AOpenBrowser" time="4.85"/>
  <testcase classname="utils.BaseClass" name="BTestData" time="1.612"/>
  <testcase classname="TestClass.VerifyQATest" name="SchoolSearch" time="11.982"/>
  <testcase classname="TestClass.VerifyQATest" name="SelectOrganizationandVerify" time="60.462">
    <failure type="junit.framework.AssertionFailedError" message="Failed no such element: Unable to locate element: {&amp;quot;method&amp;quot;:&amp;quot;xpath&amp;quot;,&amp;quot;selector&amp;quot;:&amp;quot;//div[@class=&amp;apos;bg-light&amp;apos;]/div/div[text()=&amp;apos;Finished loading&amp;apos;]&amp;quot;}
  (Session info: chrome=107.0.5304.107)
For documentation on this error, please visit: http://seleniumhq.org/exceptions/no_such_element.html
Build info: version: &amp;apos;3.5.3&amp;apos;, revision: &amp;apos;a88d25fe6b&amp;apos;, time: &amp;apos;2017-08-29T12:42:44.417Z&amp;apos;
System info: host: &amp;apos;MT-5CG1057HYC&amp;apos;, ip: &amp;apos;192.168.43.235&amp;apos;, os.name: &amp;apos;Windows 10&amp;apos;, os.arch: &amp;apos;amd64&amp;apos;, os.version: &amp;apos;10.0&amp;apos;, java.version: &amp;apos;11.0.11&amp;apos;
Driver info: org.openqa.selenium.chrome.ChromeDriver
Capabilities [{networkConnectionEnabled=false, chrome={chromedriverVersion=107.0.5304.62 (1eec40d3a5764881c92085aaee66d25075c159aa-refs/branch-heads/5304@{#942}), userDataDir=C:\Users\M1066217\AppData\Local\Temp\scoped_dir8032_214150995}, timeouts={implicit=0, pageLoad=300000, script=30000}, pageLoadStrategy=none, unhandledPromptBehavior=dismiss and notify, strictFileInteractability=false, platform=XP, proxy=Proxy(), goog:chromeOptions={debuggerAddress=localhost:59320}, webauthn:extension:credBlob=true, acceptInsecureCerts=false, browserVersion=107.0.5304.107, browserName=chrome, javascriptEnabled=true, platformName=XP, setWindowRect=true, webauthn:extension:largeBlob=true, webauthn:virtualAuthenticators=true}]
Session ID: 57891445855085fc08739bc4b0e481d4
*** Element info: {Using=xpath, value=//div[@class=&amp;apos;bg-light&amp;apos;]/div/div[text()=&amp;apos;Finished loading&amp;apos;]}">
      <![CDATA[junit.framework.AssertionFailedError: Failed no such element: Unable to locate element: {"method":"xpath","selector":"//div[@class='bg-light']/div/div[text()='Finished loading']"}
  (Session info: chrome=107.0.5304.107)
For documentation on this error, please visit: http://seleniumhq.org/exceptions/no_such_element.html
Build info: version: '3.5.3', revision: 'a88d25fe6b', time: '2017-08-29T12:42:44.417Z'
System info: host: 'MT-5CG1057HYC', ip: '192.168.43.235', os.name: 'Windows 10', os.arch: 'amd64', os.version: '10.0', java.version: '11.0.11'
Driver info: org.openqa.selenium.chrome.ChromeDriver
Capabilities [{networkConnectionEnabled=false, chrome={chromedriverVersion=107.0.5304.62 (1eec40d3a5764881c92085aaee66d25075c159aa-refs/branch-heads/5304@{#942}), userDataDir=C:\Users\M1066217\AppData\Local\Temp\scoped_dir8032_214150995}, timeouts={implicit=0, pageLoad=300000, script=30000}, pageLoadStrategy=none, unhandledPromptBehavior=dismiss and notify, strictFileInteractability=false, platform=XP, proxy=Proxy(), goog:chromeOptions={debuggerAddress=localhost:59320}, webauthn:extension:credBlob=true, acceptInsecureCerts=false, browserVersion=107.0.5304.107, browserName=chrome, javascriptEnabled=true, platformName=XP, setWindowRect=true, webauthn:extension:largeBlob=true, webauthn:virtualAuthenticators=true}]
Session ID: 57891445855085fc08739bc4b0e481d4
*** Element info: {Using=xpath, value=//div[@class='bg-light']/div/div[text()='Finished loading']}
at junit.framework.Assert.fail(Assert.java:47)
at TestClass.VerifyQATest.SelectOrganizationandVerify(VerifyQATest.java:104)
at java.base/java.util.ArrayList.forEach(ArrayList.java:1541)
... Removed 27 stack frames]]>
    </failure>
  </testcase> <!-- SelectOrganizationandVerify -->
</testsuite> <!-- ChromeTest -->
