<?xml version="1.0" encoding="UTF-8"?>
<!-- Generated by org.testng.reporters.JUnitXMLReporter -->
<testsuite hostname="MT-5CG1057HYC" failures="0" tests="4" name="FirefoxTest" time="12.574" errors="0" timestamp="27 Jun 2022 08:21:14 GMT">
  <testcase classname="testscripts.TestSwagLabs" name="OpenBrowser" time="3.668"/>
  <testcase classname="testscripts.TestSwagLabs" name="TestData" time="0.097"/>
  <testcase classname="testscripts.TestSwagLabs" name="Login" time="2.174"/>
  <testcase classname="testscripts.TestSwagLabs" name="OrderaProduct" time="3.354"/>
</testsuite> <!-- FirefoxTest -->
