<?xml version="1.0" encoding="UTF-8"?>
<!-- Generated by org.testng.reporters.JUnitXMLReporter -->
<testsuite hostname="MT-5CG1057HYC" failures="1" tests="3" name="PhantomJS" time="158.704" errors="0" timestamp="26 Jun 2022 07:58:20 GMT">
  <testcase classname="testscripts.TestSwagLabs" name="Data" time="0.065"/>
  <testcase classname="testscripts.TestSwagLabs" name="Login" time="9.845"/>
  <testcase classname="testscripts.TestSwagLabs" name="OrderProduct" time="141.522">
    <failure type="java.lang.AssertionError" message="Element wait failed due to exception : Expected condition failed: waiting for visibility of Proxy element for: DefaultElementLocator &amp;apos;By.id: checkout&amp;apos; (tried for 50 second(s) with 500 MILLISECONDS interval)">
      <![CDATA[java.lang.AssertionError: Element wait failed due to exception : Expected condition failed: waiting for visibility of Proxy element for: DefaultElementLocator 'By.id: checkout' (tried for 50 second(s) with 500 MILLISECONDS interval)
	at utils.CommonLibraries.explicitWait(CommonLibraries.java:72)
	at testscripts.TestSwagLabs.OrderProduct(TestSwagLabs.java:65)
... Removed 25 stack frames]]>
    </failure>
  </testcase> <!-- OrderProduct -->
</testsuite> <!-- PhantomJS -->
